<?xml version="1.0" encoding="UTF-8"?>
<testng-results skipped="0" failed="0" total="1" passed="1">
  <reporter-output>
  </reporter-output>
  <suite name="Suite1" duration-ms="851" started-at="2016-01-08T12:05:49Z" finished-at="2016-01-08T12:05:50Z">
    <groups>
    </groups>
    <test name="exampletest1" duration-ms="851" started-at="2016-01-08T12:05:49Z" finished-at="2016-01-08T12:05:50Z">
      <class name="com.rallydev.rest.client.HttpClientTest">
        <test-method status="PASS" signature="setUp()[pri:0, instance:com.rallydev.rest.client.HttpClientTest@282ba1e]" name="setUp" is-config="true" duration-ms="423" started-at="2016-01-08T12:05:49Z" finished-at="2016-01-08T12:05:50Z">
        </test-method> <!-- setUp -->
        <test-method status="PASS" signature="shouldIntialize()[pri:0, instance:com.rallydev.rest.client.HttpClientTest@282ba1e]" name="shouldIntialize" duration-ms="391" started-at="2016-01-08T12:05:50Z" finished-at="2016-01-08T12:05:50Z">
        </test-method> <!-- shouldIntialize -->
      </class> <!-- com.rallydev.rest.client.HttpClientTest -->
    </test> <!-- exampletest1 -->
  </suite> <!-- Suite1 -->
</testng-results>
